<?xml version="1.0" encoding="UTF-8"?>
<!-- Generated by org.testng.reporters.JUnitReportReporter -->
<testsuite skipped="0" hostname="computer" name="testNGPackage.FourthTestNGFile" tests="3" failures="0" timestamp="19 Oct 2017 08:06:31 GMT" time="17.079" errors="0">
  <testcase name="register" time="2.975" classname="testNGPackage.FourthTestNGFile"/>
  <testcase name="support" time="11.982" classname="testNGPackage.FourthTestNGFile"/>
  <testcase name="verifyContactPage" time="2.122" classname="testNGPackage.FourthTestNGFile"/>
</testsuite> <!-- testNGPackage.FourthTestNGFile -->
