<?xml version="1.0" encoding="UTF-8"?>
<!-- Generated by org.testng.reporters.JUnitReportReporter -->
<testsuite skipped="0" hostname="computer" name="testNGPackage.ThirdTestNGFile" tests="1" failures="0" timestamp="19 Oct 2017 07:49:02 GMT" time="0.050" errors="0">
  <testcase name="verifyHomepageTitle" time="0.050" classname="testNGPackage.ThirdTestNGFile"/>
</testsuite> <!-- testNGPackage.ThirdTestNGFile -->
