<?xml version="1.0" encoding="UTF-8"?>
<!-- Generated by org.testng.reporters.JUnitReportReporter -->
<testsuite skipped="0" hostname="computer" name="testNGPackage.FirstTestNGFile" tests="1" failures="0" timestamp="19 Oct 2017 07:26:05 GMT" time="44.125" errors="0">
  <testcase name="verifyHomepageTitle" time="44.125" classname="testNGPackage.FirstTestNGFile"/>
</testsuite> <!-- testNGPackage.FirstTestNGFile -->
